<?xml version="1.0" encoding="UTF-8"?>
<!-- Generated by org.testng.reporters.JUnitReportReporter -->
<testsuite skipped="0" name="com.bluestone.script.engagementtest" tests="1" failures="0" timestamp="08 Nov 2017 12:10:20 GMT" time="2.952" errors="0">
  <testcase name="engagementmethod" time="2.952" classname="com.bluestone.script.engagementtest"/>
</testsuite> <!-- com.bluestone.script.engagementtest -->
