<?xml version="1.0" encoding="UTF-8"?>
<!-- Generated by org.testng.reporters.JUnitReportReporter -->
<testsuite skipped="1" hostname="TYSS-4F-026" name="script.tshirttest" tests="1" failures="0" timestamp="02 Nov 2017 07:21:28 GMT" time="0.000" errors="0">
  <testcase name="tshirtmethod" time="0.000" classname="script.tshirttest">
    <skipped/>
  </testcase> <!-- tshirtmethod -->
</testsuite> <!-- script.tshirttest -->
