<?xml version="1.0" encoding="UTF-8"?>
<!-- Generated by org.testng.reporters.JUnitReportReporter -->
<testsuite skipped="0" name="com.bluestone.script.selectsizetest" tests="1" failures="0" timestamp="08 Nov 2017 12:10:20 GMT" time="3.855" errors="0">
  <testcase name="buynowmethod" time="3.855" classname="com.bluestone.script.selectsizetest"/>
</testsuite> <!-- com.bluestone.script.selectsizetest -->
