<?xml version="1.0" encoding="UTF-8"?>
<!-- Generated by org.testng.reporters.JUnitReportReporter -->
<testsuite skipped="0" name="com.bluestone.script.accountdetailstest" tests="1" failures="0" timestamp="08 Nov 2017 12:10:20 GMT" time="2.107" errors="0">
  <testcase name="account" time="2.107" classname="com.bluestone.script.accountdetailstest"/>
</testsuite> <!-- com.bluestone.script.accountdetailstest -->
