<?xml version="1.0" encoding="UTF-8"?>
<!-- Generated by org.testng.reporters.JUnitReportReporter -->
<testsuite skipped="0" name="com.bluestone.script.shopingbagtest" tests="1" failures="0" timestamp="08 Nov 2017 12:10:20 GMT" time="2.070" errors="0">
  <testcase name="shopingmethod" time="2.070" classname="com.bluestone.script.shopingbagtest"/>
</testsuite> <!-- com.bluestone.script.shopingbagtest -->
