<?xml version="1.0" encoding="UTF-8"?>
<!-- Generated by org.testng.reporters.JUnitReportReporter -->
<testsuite skipped="0" name="com.bluestone.script.ringstest" tests="1" failures="0" timestamp="08 Nov 2017 12:10:20 GMT" time="4.060" errors="0">
  <testcase name="ringsmethod" time="4.060" classname="com.bluestone.script.ringstest"/>
</testsuite> <!-- com.bluestone.script.ringstest -->
