<?xml version="1.0" encoding="UTF-8"?>
<!-- Generated by org.testng.reporters.JUnitReportReporter -->
<testsuite skipped="0" name="com.bluestone.script.shippingdetailstest" tests="1" failures="0" timestamp="08 Nov 2017 12:10:20 GMT" time="1.493" errors="0">
  <testcase name="shippingmethod" time="1.493" classname="com.bluestone.script.shippingdetailstest"/>
</testsuite> <!-- com.bluestone.script.shippingdetailstest -->
